<?xml version="1.0" encoding="UTF-8"?>
<!-- Generated by org.testng.reporters.JUnitReportReporter -->
<testsuite hostname="DESKTOP-BKUATL8" name="com.openmrs.OpenMrsLoginTests" tests="1" failures="0" timestamp="29 Nov 2017 23:01:12 GMT" time="2.684" errors="0">
  <testcase name="verifyLogin" time="2.684" classname="com.openmrs.OpenMrsLoginTests"/>
</testsuite> <!-- com.openmrs.OpenMrsLoginTests -->
